Data loaded:
  Train: T=240, N=3686, F_indiv=46, F_macro=178
  Valid: T=60, N=3347
  Test:  T=300,  N=7141
  Device: cpu
=== Phase 1: Unconditional (128 epochs) ===
  [UNC]   32/128  loss 0.0000/0.0007/0.0005  SR 0.977/0.661/0.401  [356s]
  [UNC]   48/128  loss 0.0000/0.0005/0.0004  SR 1.089/0.811/0.470  [536s]
  [UNC]   64/128  loss 0.0000/0.0004/0.0003  SR 1.195/0.978/0.527  [711s]
  [UNC]   80/128  loss 0.0000/0.0005/0.0007  SR 1.271/0.946/0.463  [887s]
  [UNC]   96/128  loss 0.0000/0.0003/0.0005  SR 1.294/1.060/0.506  [1061s]
  [UNC]  112/128  loss 0.0000/0.0004/0.0007  SR 1.357/1.052/0.476  [1235s]
  Phase 1 done in 1397s. Best valid loss: 0.000228

=== Phase 2: Moment update (64 steps = 4 x 16) ===
  [MOMENT]    0/64  cond_loss: 0.000004
  [MOMENT]   16/64  cond_loss: 0.000009
  [MOMENT]   32/64  cond_loss: 0.000019
  [MOMENT]   48/64  cond_loss: 0.000028
  Phase 2 done. Best moment loss: 0.000058

=== Phase 3: Conditional (256 epochs) ===
  [COND]   32/256  loss 0.0000/0.0005/0.0005  SR 1.364/1.001/0.485  [359s]
  [COND]   48/256  loss 0.0000/0.0005/0.0006  SR 1.361/0.997/0.495  [561s]
  [COND]   64/256  loss 0.0000/0.0003/0.0005  SR 1.453/1.207/0.557  [764s]
  [COND]   80/256  loss 0.0000/0.0003/0.0007  SR 1.372/1.134/0.487  [962s]
  [COND]   96/256  loss 0.0000/0.0003/0.0007  SR 1.525/1.191/0.526  [1149s]
  [COND]  112/256  loss 0.0000/0.0003/0.0007  SR 1.565/1.243/0.525  [1335s]
  [COND]  128/256  loss 0.0000/0.0002/0.0008  SR 1.607/1.252/0.556  [1513s]
  [COND]  144/256  loss 0.0000/0.0004/0.0010  SR 1.661/1.183/0.489  [1691s]
  [COND]  160/256  loss 0.0000/0.0004/0.0011  SR 1.696/1.195/0.492  [1870s]
  [COND]  176/256  loss 0.0000/0.0002/0.0008  SR 1.645/1.313/0.527  [2050s]
  [COND]  192/256  loss 0.0000/0.0002/0.0009  SR 1.682/1.334/0.513  [2218s]
  [COND]  208/256  loss 0.0000/0.0004/0.0012  SR 1.698/1.193/0.459  [2386s]
  [COND]  224/256  loss 0.0000/0.0003/0.0010  SR 1.800/1.305/0.516  [2558s]
  [COND]  240/256  loss 0.0000/0.0003/0.0012  SR 1.747/1.256/0.470  [2727s]
  Phase 3 done in 2884s. Best valid Sharpe: 1.4101

train_time_s:     4414.8
---
valid_sharpe:     1.410092
test_sharpe:      0.559309
train_sharpe:     1.732910
valid_loss:       0.000187
test_loss:        0.000824
train_loss:       0.000029
valid_ev:         0.002638
test_ev:          0.004293
train_ev:         0.008971
peak_vram_mb:     0.0
